# JRE version: OpenJDK Runtime Environment Temurin-17.0.4.1+1 (17.0.4.1+1) (build 17.0.4.1+1)
# Java VM: OpenJDK 64-Bit Server VM Temurin-17.0.4.1+1 (17.0.4.1+1, mixed mode, emulated-client, tiered, compressed oops, compressed class ptrs, g1 gc, windows-amd64)
GC Precious Log:
 CPUs: 8 total, 8 available
 Memory: 7814M
 Large Page Support: Disabled
 NUMA Support: Disabled
 Compressed Oops: Enabled (32-bit)
 Heap Region Size: 1M
 Heap Min Capacity: 8M
 Heap Initial Capacity: 124M
 Heap Max Capacity: 1954M
 Pre-touch: Disabled
 Parallel Workers: 8
 Concurrent Workers: 2
 Concurrent Refinement Workers: 8
 Periodic GC: Disabled
Heap:
 garbage-first heap   total 133120K, used 74299K [0x0000000085e00000, 0x0000000100000000)
  region size 1024K, 32 young (32768K), 3 survivors (3072K)
 Metaspace       used 55800K, committed 56192K, reserved 1097728K
  class space    used 7431K, committed 7616K, reserved 1048576K
GC Heap History (20 events):
Event: 18201.462 GC heap before
{Heap before GC invocations=1546 (full 840):
 garbage-first heap   total 133120K, used 111428K [0x0000000085e00000, 0x0000000100000000)
  region size 1024K, 71 young (72704K), 2 survivors (2048K)
 Metaspace       used 55800K, committed 56192K, reserved 1097728K
  class space    used 7431K, committed 7616K, reserved 1048576K
}
Event: 18201.465 GC heap after
{Heap after GC invocations=1547 (full 840):
 garbage-first heap   total 133120K, used 41190K [0x0000000085e00000, 0x0000000100000000)
  region size 1024K, 2 young (2048K), 2 survivors (2048K)
 Metaspace       used 55800K, committed 56192K, reserved 1097728K
  class space    used 7431K, committed 7616K, reserved 1048576K
}
Event: 18214.044 GC heap before
{Heap before GC invocations=1547 (full 840):
 garbage-first heap   total 133120K, used 111846K [0x0000000085e00000, 0x0000000100000000)
  region size 1024K, 71 young (72704K), 2 survivors (2048K)
 Metaspace       used 55800K, committed 56192K, reserved 1097728K
  class space    used 7431K, committed 7616K, reserved 1048576K
}
Event: 18214.046 GC heap after
{Heap after GC invocations=1548 (full 840):
 garbage-first heap   total 133120K, used 40854K [0x0000000085e00000, 0x0000000100000000)
  region size 1024K, 2 young (2048K), 2 survivors (2048K)
 Metaspace       used 55800K, committed 56192K, reserved 1097728K
  class space    used 7431K, committed 7616K, reserved 1048576K
}
Event: 18219.219 GC heap before
{Heap before GC invocations=1548 (full 840):
 garbage-first heap   total 133120K, used 111510K [0x0000000085e00000, 0x0000000100000000)
  region size 1024K, 71 young (72704K), 2 survivors (2048K)
 Metaspace       used 55800K, committed 56192K, reserved 1097728K
  class space    used 7431K, committed 7616K, reserved 1048576K
}
Event: 18219.221 GC heap after
{Heap after GC invocations=1549 (full 840):
 garbage-first heap   total 133120K, used 41206K [0x0000000085e00000, 0x0000000100000000)
  region size 1024K, 2 young (2048K), 2 survivors (2048K)
 Metaspace       used 55800K, committed 56192K, reserved 1097728K
  class space    used 7431K, committed 7616K, reserved 1048576K
}
Event: 18228.487 GC heap before
{Heap before GC invocations=1549 (full 840):
 garbage-first heap   total 133120K, used 114934K [0x0000000085e00000, 0x0000000100000000)
  region size 1024K, 71 young (72704K), 2 survivors (2048K)
 Metaspace       used 55800K, committed 56192K, reserved 1097728K
  class space    used 7431K, committed 7616K, reserved 1048576K
}
Event: 18228.490 GC heap after
{Heap after GC invocations=1550 (full 840):
 garbage-first heap   total 133120K, used 42838K [0x0000000085e00000, 0x0000000100000000)
  region size 1024K, 4 young (4096K), 4 survivors (4096K)
 Metaspace       used 55800K, committed 56192K, reserved 1097728K
  class space    used 7431K, committed 7616K, reserved 1048576K
}
Event: 18231.499 GC heap before
{Heap before GC invocations=1550 (full 840):
 garbage-first heap   total 133120K, used 111446K [0x0000000085e00000, 0x0000000100000000)
  region size 1024K, 71 young (72704K), 4 survivors (4096K)
 Metaspace       used 55800K, committed 56192K, reserved 1097728K
  class space    used 7431K, committed 7616K, reserved 1048576K
}
Event: 18231.501 GC heap after
{Heap after GC invocations=1551 (full 840):
 garbage-first heap   total 133120K, used 43091K [0x0000000085e00000, 0x0000000100000000)
  region size 1024K, 4 young (4096K), 4 survivors (4096K)
 Metaspace       used 55800K, committed 56192K, reserved 1097728K
  class space    used 7431K, committed 7616K, reserved 1048576K
}
Event: 18236.029 GC heap before
{Heap before GC invocations=1551 (full 840):
 garbage-first heap   total 133120K, used 110675K [0x0000000085e00000, 0x0000000100000000)
  region size 1024K, 71 young (72704K), 4 survivors (4096K)
 Metaspace       used 55800K, committed 56192K, reserved 1097728K
  class space    used 7431K, committed 7616K, reserved 1048576K
}
Event: 18236.032 GC heap after
{Heap after GC invocations=1552 (full 840):
 garbage-first heap   total 133120K, used 43331K [0x0000000085e00000, 0x0000000100000000)
  region size 1024K, 4 young (4096K), 4 survivors (4096K)
 Metaspace       used 55800K, committed 56192K, reserved 1097728K
  class space    used 7431K, committed 7616K, reserved 1048576K
}
Event: 18239.747 GC heap before
{Heap before GC invocations=1552 (full 840):
 garbage-first heap   total 133120K, used 111939K [0x0000000085e00000, 0x0000000100000000)
  region size 1024K, 71 young (72704K), 4 survivors (4096K)
 Metaspace       used 55800K, committed 56192K, reserved 1097728K
  class space    used 7431K, committed 7616K, reserved 1048576K
}
Event: 18239.752 GC heap after
{Heap after GC invocations=1553 (full 840):
 garbage-first heap   total 133120K, used 44512K [0x0000000085e00000, 0x0000000100000000)
  region size 1024K, 5 young (5120K), 5 survivors (5120K)
 Metaspace       used 55800K, committed 56192K, reserved 1097728K
  class space    used 7431K, committed 7616K, reserved 1048576K
}
Event: 18244.580 GC heap before
{Heap before GC invocations=1553 (full 840):
 garbage-first heap   total 133120K, used 111072K [0x0000000085e00000, 0x0000000100000000)
  region size 1024K, 70 young (71680K), 5 survivors (5120K)
 Metaspace       used 55800K, committed 56192K, reserved 1097728K
  class space    used 7431K, committed 7616K, reserved 1048576K
}
Event: 18244.582 GC heap after
{Heap after GC invocations=1554 (full 840):
 garbage-first heap   total 133120K, used 43497K [0x0000000085e00000, 0x0000000100000000)
  region size 1024K, 4 young (4096K), 4 survivors (4096K)
 Metaspace       used 55800K, committed 56192K, reserved 1097728K
  class space    used 7431K, committed 7616K, reserved 1048576K
}
Event: 18246.999 GC heap before
{Heap before GC invocations=1554 (full 840):
 garbage-first heap   total 133120K, used 111081K [0x0000000085e00000, 0x0000000100000000)
  region size 1024K, 70 young (71680K), 4 survivors (4096K)
 Metaspace       used 55800K, committed 56192K, reserved 1097728K
  class space    used 7431K, committed 7616K, reserved 1048576K
}
Event: 18247.002 GC heap after
{Heap after GC invocations=1555 (full 840):
 garbage-first heap   total 133120K, used 44130K [0x0000000085e00000, 0x0000000100000000)
  region size 1024K, 5 young (5120K), 5 survivors (5120K)
 Metaspace       used 55800K, committed 56192K, reserved 1097728K
  class space    used 7431K, committed 7616K, reserved 1048576K
}
Event: 18256.017 GC heap before
{Heap before GC invocations=1555 (full 840):
 garbage-first heap   total 133120K, used 113762K [0x0000000085e00000, 0x0000000100000000)
  region size 1024K, 70 young (71680K), 5 survivors (5120K)
 Metaspace       used 55800K, committed 56192K, reserved 1097728K
  class space    used 7431K, committed 7616K, reserved 1048576K
}
Event: 18256.020 GC heap after
{Heap after GC invocations=1556 (full 840):
 garbage-first heap   total 133120K, used 42555K [0x0000000085e00000, 0x0000000100000000)
  region size 1024K, 3 young (3072K), 3 survivors (3072K)
 Metaspace       used 55800K, committed 56192K, reserved 1097728K
  class space    used 7431K, committed 7616K, reserved 1048576K
}

