# JRE version: OpenJDK Runtime Environment Temurin-17.0.4.1+1 (17.0.4.1+1) (build 17.0.4.1+1)
# Java VM: OpenJDK 64-Bit Server VM Temurin-17.0.4.1+1 (17.0.4.1+1, mixed mode, emulated-client, tiered, compressed oops, compressed class ptrs, g1 gc, windows-amd64)
GC Precious Log:
 CPUs: 8 total, 8 available
 Memory: 7814M
 Large Page Support: Disabled
 NUMA Support: Disabled
 Compressed Oops: Enabled (32-bit)
 Heap Region Size: 1M
 Heap Min Capacity: 8M
 Heap Initial Capacity: 124M
 Heap Max Capacity: 1954M
 Pre-touch: Disabled
 Parallel Workers: 8
 Concurrent Workers: 2
 Concurrent Refinement Workers: 8
 Periodic GC: Disabled
Heap:
 garbage-first heap   total 126976K, used 67322K [0x0000000085e00000, 0x0000000100000000)
  region size 1024K, 3 young (3072K), 3 survivors (3072K)
 Metaspace       used 37482K, committed 37824K, reserved 1089536K
  class space    used 4844K, committed 4992K, reserved 1048576K
GC Heap History (20 events):
Event: 4.944 GC heap after
{Heap after GC invocations=8 (full 0):
 garbage-first heap   total 58368K, used 21282K [0x0000000085e00000, 0x0000000100000000)
  region size 1024K, 3 young (3072K), 3 survivors (3072K)
 Metaspace       used 33175K, committed 33472K, reserved 1081344K
  class space    used 4208K, committed 4352K, reserved 1048576K
}
Event: 5.068 GC heap before
{Heap before GC invocations=8 (full 0):
 garbage-first heap   total 58368K, used 39714K [0x0000000085e00000, 0x0000000100000000)
  region size 1024K, 22 young (22528K), 3 survivors (3072K)
 Metaspace       used 33330K, committed 33600K, reserved 1081344K
  class space    used 4236K, committed 4352K, reserved 1048576K
}
Event: 5.076 GC heap after
{Heap after GC invocations=9 (full 0):
 garbage-first heap   total 58368K, used 24891K [0x0000000085e00000, 0x0000000100000000)
  region size 1024K, 3 young (3072K), 3 survivors (3072K)
 Metaspace       used 33330K, committed 33600K, reserved 1081344K
  class space    used 4236K, committed 4352K, reserved 1048576K
}
Event: 5.158 GC heap before
{Heap before GC invocations=9 (full 0):
 garbage-first heap   total 58368K, used 41275K [0x0000000085e00000, 0x0000000100000000)
  region size 1024K, 19 young (19456K), 3 survivors (3072K)
 Metaspace       used 33509K, committed 33792K, reserved 1081344K
  class space    used 4262K, committed 4416K, reserved 1048576K
}
Event: 5.165 GC heap after
{Heap after GC invocations=10 (full 0):
 garbage-first heap   total 58368K, used 27930K [0x0000000085e00000, 0x0000000100000000)
  region size 1024K, 3 young (3072K), 3 survivors (3072K)
 Metaspace       used 33509K, committed 33792K, reserved 1081344K
  class space    used 4262K, committed 4416K, reserved 1048576K
}
Event: 5.298 GC heap before
{Heap before GC invocations=10 (full 0):
 garbage-first heap   total 58368K, used 42266K [0x0000000085e00000, 0x0000000100000000)
  region size 1024K, 17 young (17408K), 3 survivors (3072K)
 Metaspace       used 33909K, committed 34240K, reserved 1081344K
  class space    used 4324K, committed 4480K, reserved 1048576K
}
Event: 5.305 GC heap after
{Heap after GC invocations=11 (full 0):
 garbage-first heap   total 58368K, used 30542K [0x0000000085e00000, 0x0000000100000000)
  region size 1024K, 3 young (3072K), 3 survivors (3072K)
 Metaspace       used 33909K, committed 34240K, reserved 1081344K
  class space    used 4324K, committed 4480K, reserved 1048576K
}
Event: 5.398 GC heap before
{Heap before GC invocations=11 (full 0):
 garbage-first heap   total 58368K, used 42830K [0x0000000085e00000, 0x0000000100000000)
  region size 1024K, 16 young (16384K), 3 survivors (3072K)
 Metaspace       used 34087K, committed 34432K, reserved 1081344K
  class space    used 4347K, committed 4544K, reserved 1048576K
}
Event: 5.408 GC heap after
{Heap after GC invocations=12 (full 0):
 garbage-first heap   total 95232K, used 32841K [0x0000000085e00000, 0x0000000100000000)
  region size 1024K, 2 young (2048K), 2 survivors (2048K)
 Metaspace       used 34087K, committed 34432K, reserved 1081344K
  class space    used 4347K, committed 4544K, reserved 1048576K
}
Event: 5.661 GC heap before
{Heap before GC invocations=13 (full 0):
 garbage-first heap   total 95232K, used 66633K [0x0000000085e00000, 0x0000000100000000)
  region size 1024K, 35 young (35840K), 2 survivors (2048K)
 Metaspace       used 34508K, committed 34880K, reserved 1081344K
  class space    used 4413K, committed 4608K, reserved 1048576K
}
Event: 5.678 GC heap after
{Heap after GC invocations=14 (full 0):
 garbage-first heap   total 95232K, used 40130K [0x0000000085e00000, 0x0000000100000000)
  region size 1024K, 5 young (5120K), 5 survivors (5120K)
 Metaspace       used 34508K, committed 34880K, reserved 1081344K
  class space    used 4413K, committed 4608K, reserved 1048576K
}
Event: 5.857 GC heap before
{Heap before GC invocations=14 (full 0):
 garbage-first heap   total 95232K, used 67778K [0x0000000085e00000, 0x0000000100000000)
  region size 1024K, 32 young (32768K), 5 survivors (5120K)
 Metaspace       used 34748K, committed 35136K, reserved 1081344K
  class space    used 4451K, committed 4608K, reserved 1048576K
}
Event: 5.870 GC heap after
{Heap after GC invocations=15 (full 0):
 garbage-first heap   total 95232K, used 47277K [0x0000000085e00000, 0x0000000100000000)
  region size 1024K, 4 young (4096K), 4 survivors (4096K)
 Metaspace       used 34748K, committed 35136K, reserved 1081344K
  class space    used 4451K, committed 4608K, reserved 1048576K
}
Event: 6.204 GC heap before
{Heap before GC invocations=15 (full 0):
 garbage-first heap   total 95232K, used 67757K [0x0000000085e00000, 0x0000000100000000)
  region size 1024K, 26 young (26624K), 4 survivors (4096K)
 Metaspace       used 36549K, committed 36864K, reserved 1081344K
  class space    used 4760K, committed 4928K, reserved 1048576K
}
Event: 6.215 GC heap after
{Heap after GC invocations=16 (full 0):
 garbage-first heap   total 95232K, used 52210K [0x0000000085e00000, 0x0000000100000000)
  region size 1024K, 4 young (4096K), 4 survivors (4096K)
 Metaspace       used 36549K, committed 36864K, reserved 1081344K
  class space    used 4760K, committed 4928K, reserved 1048576K
}
Event: 6.367 GC heap before
{Heap before GC invocations=17 (full 0):
 garbage-first heap   total 112640K, used 73714K [0x0000000085e00000, 0x0000000100000000)
  region size 1024K, 24 young (24576K), 4 survivors (4096K)
 Metaspace       used 37048K, committed 37312K, reserved 1089536K
  class space    used 4795K, committed 4928K, reserved 1048576K
}
Event: 6.382 GC heap after
{Heap after GC invocations=18 (full 0):
 garbage-first heap   total 112640K, used 62918K [0x0000000085e00000, 0x0000000100000000)
  region size 1024K, 3 young (3072K), 3 survivors (3072K)
 Metaspace       used 37048K, committed 37312K, reserved 1089536K
  class space    used 4795K, committed 4928K, reserved 1048576K
}
Event: 6.401 GC heap before
{Heap before GC invocations=18 (full 0):
 garbage-first heap   total 112640K, used 63942K [0x0000000085e00000, 0x0000000100000000)
  region size 1024K, 5 young (5120K), 3 survivors (3072K)
 Metaspace       used 37170K, committed 37504K, reserved 1089536K
  class space    used 4811K, committed 4992K, reserved 1048576K
}
Event: 6.409 GC heap after
{Heap after GC invocations=19 (full 0):
 garbage-first heap   total 112640K, used 63872K [0x0000000085e00000, 0x0000000100000000)
  region size 1024K, 1 young (1024K), 1 survivors (1024K)
 Metaspace       used 37170K, committed 37504K, reserved 1089536K
  class space    used 4811K, committed 4992K, reserved 1048576K
}
Event: 6.462 GC heap before
{Heap before GC invocations=19 (full 0):
 garbage-first heap   total 112640K, used 83328K [0x0000000085e00000, 0x0000000100000000)
  region size 1024K, 21 young (21504K), 1 survivors (1024K)
 Metaspace       used 37482K, committed 37824K, reserved 1089536K
  class space    used 4844K, committed 4992K, reserved 1048576K
}

