# JRE version: OpenJDK Runtime Environment Temurin-17.0.4.1+1 (17.0.4.1+1) (build 17.0.4.1+1)
# Java VM: OpenJDK 64-Bit Server VM Temurin-17.0.4.1+1 (17.0.4.1+1, mixed mode, tiered, compressed oops, compressed class ptrs, parallel gc, windows-amd64)
GC Precious Log:
 CPUs: 8 total, 8 available
 Memory: 7814M
 Large Page Support: Disabled
 NUMA Support: Disabled
 Compressed Oops: Enabled (32-bit)
 Alignments: Space 512K, Generation 512K, Heap 2M
 Heap Min Capacity: 100M
 Heap Initial Capacity: 100M
 Heap Max Capacity: 1G
 Pre-touch: Disabled
 Parallel Workers: 8
Heap:
 PSYoungGen      total 22016K, used 7845K [0x00000000eab00000, 0x00000000ec280000, 0x0000000100000000)
  eden space 19968K, 30% used [0x00000000eab00000,0x00000000eb0e96e8,0x00000000ebe80000)
  from space 2048K, 87% used [0x00000000ec080000,0x00000000ec240000,0x00000000ec280000)
  to   space 2048K, 0% used [0x00000000ebe80000,0x00000000ebe80000,0x00000000ec080000)
 ParOldGen       total 68608K, used 43192K [0x00000000c0000000, 0x00000000c4300000, 0x00000000eab00000)
  object space 68608K, 62% used [0x00000000c0000000,0x00000000c2a2e118,0x00000000c4300000)
 Metaspace       used 56082K, committed 57088K, reserved 1105920K
  class space    used 5937K, committed 6400K, reserved 1048576K
GC Heap History (20 events):
Event: 28.005 GC heap before
{Heap before GC invocations=23 (full 2):
 PSYoungGen      total 24064K, used 23616K [0x00000000eab00000, 0x00000000ec580000, 0x0000000100000000)
  eden space 20992K, 100% used [0x00000000eab00000,0x00000000ebf80000,0x00000000ebf80000)
  from space 3072K, 85% used [0x00000000ec280000,0x00000000ec510010,0x00000000ec580000)
  to   space 3072K, 0% used [0x00000000ebf80000,0x00000000ebf80000,0x00000000ec280000)
 ParOldGen       total 68608K, used 31485K [0x00000000c0000000, 0x00000000c4300000, 0x00000000eab00000)
  object space 68608K, 45% used [0x00000000c0000000,0x00000000c1ebf528,0x00000000c4300000)
 Metaspace       used 47732K, committed 48768K, reserved 1097728K
  class space    used 5136K, committed 5632K, reserved 1048576K
}
Event: 28.012 GC heap after
{Heap after GC invocations=23 (full 2):
 PSYoungGen      total 23552K, used 2444K [0x00000000eab00000, 0x00000000ec480000, 0x0000000100000000)
  eden space 20992K, 0% used [0x00000000eab00000,0x00000000eab00000,0x00000000ebf80000)
  from space 2560K, 95% used [0x00000000ebf80000,0x00000000ec1e3240,0x00000000ec200000)
  to   space 2560K, 0% used [0x00000000ec200000,0x00000000ec200000,0x00000000ec480000)
 ParOldGen       total 68608K, used 34005K [0x00000000c0000000, 0x00000000c4300000, 0x00000000eab00000)
  object space 68608K, 49% used [0x00000000c0000000,0x00000000c2135538,0x00000000c4300000)
 Metaspace       used 47732K, committed 48768K, reserved 1097728K
  class space    used 5136K, committed 5632K, reserved 1048576K
}
Event: 29.080 GC heap before
{Heap before GC invocations=24 (full 2):
 PSYoungGen      total 23552K, used 23436K [0x00000000eab00000, 0x00000000ec480000, 0x0000000100000000)
  eden space 20992K, 100% used [0x00000000eab00000,0x00000000ebf80000,0x00000000ebf80000)
  from space 2560K, 95% used [0x00000000ebf80000,0x00000000ec1e3240,0x00000000ec200000)
  to   space 2560K, 0% used [0x00000000ec200000,0x00000000ec200000,0x00000000ec480000)
 ParOldGen       total 68608K, used 34005K [0x00000000c0000000, 0x00000000c4300000, 0x00000000eab00000)
  object space 68608K, 49% used [0x00000000c0000000,0x00000000c2135538,0x00000000c4300000)
 Metaspace       used 48530K, committed 49600K, reserved 1097728K
  class space    used 5198K, committed 5696K, reserved 1048576K
}
Event: 29.087 GC heap after
{Heap after GC invocations=24 (full 2):
 PSYoungGen      total 22016K, used 953K [0x00000000eab00000, 0x00000000ec300000, 0x0000000100000000)
  eden space 20992K, 0% used [0x00000000eab00000,0x00000000eab00000,0x00000000ebf80000)
  from space 1024K, 93% used [0x00000000ec200000,0x00000000ec2ee470,0x00000000ec300000)
  to   space 1536K, 0% used [0x00000000ec000000,0x00000000ec000000,0x00000000ec180000)
 ParOldGen       total 68608K, used 36192K [0x00000000c0000000, 0x00000000c4300000, 0x00000000eab00000)
  object space 68608K, 52% used [0x00000000c0000000,0x00000000c2358110,0x00000000c4300000)
 Metaspace       used 48530K, committed 49600K, reserved 1097728K
  class space    used 5198K, committed 5696K, reserved 1048576K
}
Event: 29.796 GC heap before
{Heap before GC invocations=25 (full 2):
 PSYoungGen      total 22016K, used 21945K [0x00000000eab00000, 0x00000000ec300000, 0x0000000100000000)
  eden space 20992K, 100% used [0x00000000eab00000,0x00000000ebf80000,0x00000000ebf80000)
  from space 1024K, 93% used [0x00000000ec200000,0x00000000ec2ee470,0x00000000ec300000)
  to   space 1536K, 0% used [0x00000000ec000000,0x00000000ec000000,0x00000000ec180000)
 ParOldGen       total 68608K, used 36192K [0x00000000c0000000, 0x00000000c4300000, 0x00000000eab00000)
  object space 68608K, 52% used [0x00000000c0000000,0x00000000c2358110,0x00000000c4300000)
 Metaspace       used 50497K, committed 51520K, reserved 1097728K
  class space    used 5393K, committed 5888K, reserved 1048576K
}
Event: 29.798 GC heap after
{Heap after GC invocations=25 (full 2):
 PSYoungGen      total 22528K, used 758K [0x00000000eab00000, 0x00000000ec280000, 0x0000000100000000)
  eden space 20992K, 0% used [0x00000000eab00000,0x00000000eab00000,0x00000000ebf80000)
  from space 1536K, 49% used [0x00000000ec000000,0x00000000ec0bda20,0x00000000ec180000)
  to   space 1024K, 0% used [0x00000000ec180000,0x00000000ec180000,0x00000000ec280000)
 ParOldGen       total 68608K, used 37049K [0x00000000c0000000, 0x00000000c4300000, 0x00000000eab00000)
  object space 68608K, 54% used [0x00000000c0000000,0x00000000c242e590,0x00000000c4300000)
 Metaspace       used 50497K, committed 51520K, reserved 1097728K
  class space    used 5393K, committed 5888K, reserved 1048576K
}
Event: 31.577 GC heap before
{Heap before GC invocations=26 (full 2):
 PSYoungGen      total 22528K, used 21739K [0x00000000eab00000, 0x00000000ec280000, 0x0000000100000000)
  eden space 20992K, 99% used [0x00000000eab00000,0x00000000ebf7d468,0x00000000ebf80000)
  from space 1536K, 49% used [0x00000000ec000000,0x00000000ec0bda20,0x00000000ec180000)
  to   space 1024K, 0% used [0x00000000ec180000,0x00000000ec180000,0x00000000ec280000)
 ParOldGen       total 68608K, used 37049K [0x00000000c0000000, 0x00000000c4300000, 0x00000000eab00000)
  object space 68608K, 54% used [0x00000000c0000000,0x00000000c242e590,0x00000000c4300000)
 Metaspace       used 52101K, committed 53056K, reserved 1097728K
  class space    used 5612K, committed 6080K, reserved 1048576K
}
Event: 31.580 GC heap after
{Heap after GC invocations=26 (full 2):
 PSYoungGen      total 21504K, used 416K [0x00000000eab00000, 0x00000000ec200000, 0x0000000100000000)
  eden space 20992K, 0% used [0x00000000eab00000,0x00000000eab00000,0x00000000ebf80000)
  from space 512K, 81% used [0x00000000ec180000,0x00000000ec1e8000,0x00000000ec200000)
  to   space 1024K, 0% used [0x00000000ec000000,0x00000000ec000000,0x00000000ec100000)
 ParOldGen       total 68608K, used 37670K [0x00000000c0000000, 0x00000000c4300000, 0x00000000eab00000)
  object space 68608K, 54% used [0x00000000c0000000,0x00000000c24c9b38,0x00000000c4300000)
 Metaspace       used 52101K, committed 53056K, reserved 1097728K
  class space    used 5612K, committed 6080K, reserved 1048576K
}
Event: 32.549 GC heap before
{Heap before GC invocations=27 (full 2):
 PSYoungGen      total 21504K, used 21408K [0x00000000eab00000, 0x00000000ec200000, 0x0000000100000000)
  eden space 20992K, 100% used [0x00000000eab00000,0x00000000ebf80000,0x00000000ebf80000)
  from space 512K, 81% used [0x00000000ec180000,0x00000000ec1e8000,0x00000000ec200000)
  to   space 1024K, 0% used [0x00000000ec000000,0x00000000ec000000,0x00000000ec100000)
 ParOldGen       total 68608K, used 37670K [0x00000000c0000000, 0x00000000c4300000, 0x00000000eab00000)
  object space 68608K, 54% used [0x00000000c0000000,0x00000000c24c9b38,0x00000000c4300000)
 Metaspace       used 54486K, committed 55552K, reserved 1105920K
  class space    used 5806K, committed 6336K, reserved 1048576K
}
Event: 32.553 GC heap after
{Heap after GC invocations=27 (full 2):
 PSYoungGen      total 22016K, used 1023K [0x00000000eab00000, 0x00000000ec380000, 0x0000000100000000)
  eden space 20992K, 0% used [0x00000000eab00000,0x00000000eab00000,0x00000000ebf80000)
  from space 1024K, 99% used [0x00000000ec000000,0x00000000ec0ffda0,0x00000000ec100000)
  to   space 2048K, 0% used [0x00000000ec180000,0x00000000ec180000,0x00000000ec380000)
 ParOldGen       total 68608K, used 38379K [0x00000000c0000000, 0x00000000c4300000, 0x00000000eab00000)
  object space 68608K, 55% used [0x00000000c0000000,0x00000000c257af08,0x00000000c4300000)
 Metaspace       used 54486K, committed 55552K, reserved 1105920K
  class space    used 5806K, committed 6336K, reserved 1048576K
}
Event: 32.826 GC heap before
{Heap before GC invocations=28 (full 2):
 PSYoungGen      total 22016K, used 21940K [0x00000000eab00000, 0x00000000ec380000, 0x0000000100000000)
  eden space 20992K, 99% used [0x00000000eab00000,0x00000000ebf6d3b0,0x00000000ebf80000)
  from space 1024K, 99% used [0x00000000ec000000,0x00000000ec0ffda0,0x00000000ec100000)
  to   space 2048K, 0% used [0x00000000ec180000,0x00000000ec180000,0x00000000ec380000)
 ParOldGen       total 68608K, used 38379K [0x00000000c0000000, 0x00000000c4300000, 0x00000000eab00000)
  object space 68608K, 55% used [0x00000000c0000000,0x00000000c257af08,0x00000000c4300000)
 Metaspace       used 54521K, committed 55616K, reserved 1105920K
  class space    used 5806K, committed 6336K, reserved 1048576K
}
Event: 32.831 GC heap after
{Heap after GC invocations=28 (full 2):
 PSYoungGen      total 22016K, used 924K [0x00000000eab00000, 0x00000000ec280000, 0x0000000100000000)
  eden space 20992K, 0% used [0x00000000eab00000,0x00000000eab00000,0x00000000ebf80000)
  from space 1024K, 90% used [0x00000000ec180000,0x00000000ec267228,0x00000000ec280000)
  to   space 1536K, 0% used [0x00000000ebf80000,0x00000000ebf80000,0x00000000ec100000)
 ParOldGen       total 68608K, used 39282K [0x00000000c0000000, 0x00000000c4300000, 0x00000000eab00000)
  object space 68608K, 57% used [0x00000000c0000000,0x00000000c265cba0,0x00000000c4300000)
 Metaspace       used 54521K, committed 55616K, reserved 1105920K
  class space    used 5806K, committed 6336K, reserved 1048576K
}
Event: 33.679 GC heap before
{Heap before GC invocations=29 (full 2):
 PSYoungGen      total 22016K, used 21916K [0x00000000eab00000, 0x00000000ec280000, 0x0000000100000000)
  eden space 20992K, 100% used [0x00000000eab00000,0x00000000ebf80000,0x00000000ebf80000)
  from space 1024K, 90% used [0x00000000ec180000,0x00000000ec267228,0x00000000ec280000)
  to   space 1536K, 0% used [0x00000000ebf80000,0x00000000ebf80000,0x00000000ec100000)
 ParOldGen       total 68608K, used 39282K [0x00000000c0000000, 0x00000000c4300000, 0x00000000eab00000)
  object space 68608K, 57% used [0x00000000c0000000,0x00000000c265cba0,0x00000000c4300000)
 Metaspace       used 55918K, committed 56960K, reserved 1105920K
  class space    used 5928K, committed 6400K, reserved 1048576K
}
Event: 33.683 GC heap after
{Heap after GC invocations=29 (full 2):
 PSYoungGen      total 22528K, used 1103K [0x00000000eab00000, 0x00000000ec280000, 0x0000000100000000)
  eden space 20992K, 0% used [0x00000000eab00000,0x00000000eab00000,0x00000000ebf80000)
  from space 1536K, 71% used [0x00000000ebf80000,0x00000000ec093f18,0x00000000ec100000)
  to   space 1536K, 0% used [0x00000000ec100000,0x00000000ec100000,0x00000000ec280000)
 ParOldGen       total 68608K, used 39298K [0x00000000c0000000, 0x00000000c4300000, 0x00000000eab00000)
  object space 68608K, 57% used [0x00000000c0000000,0x00000000c2660ba0,0x00000000c4300000)
 Metaspace       used 55918K, committed 56960K, reserved 1105920K
  class space    used 5928K, committed 6400K, reserved 1048576K
}
Event: 33.802 GC heap before
{Heap before GC invocations=30 (full 2):
 PSYoungGen      total 22528K, used 22095K [0x00000000eab00000, 0x00000000ec280000, 0x0000000100000000)
  eden space 20992K, 100% used [0x00000000eab00000,0x00000000ebf80000,0x00000000ebf80000)
  from space 1536K, 71% used [0x00000000ebf80000,0x00000000ec093f18,0x00000000ec100000)
  to   space 1536K, 0% used [0x00000000ec100000,0x00000000ec100000,0x00000000ec280000)
 ParOldGen       total 68608K, used 39298K [0x00000000c0000000, 0x00000000c4300000, 0x00000000eab00000)
  object space 68608K, 57% used [0x00000000c0000000,0x00000000c2660ba0,0x00000000c4300000)
 Metaspace       used 56026K, committed 57024K, reserved 1105920K
  class space    used 5937K, committed 6400K, reserved 1048576K
}
Event: 33.807 GC heap after
{Heap after GC invocations=30 (full 2):
 PSYoungGen      total 22016K, used 640K [0x00000000eab00000, 0x00000000ec200000, 0x0000000100000000)
  eden space 20992K, 0% used [0x00000000eab00000,0x00000000eab00000,0x00000000ebf80000)
  from space 1024K, 62% used [0x00000000ec100000,0x00000000ec1a0000,0x00000000ec200000)
  to   space 1024K, 0% used [0x00000000ec000000,0x00000000ec000000,0x00000000ec100000)
 ParOldGen       total 68608K, used 39893K [0x00000000c0000000, 0x00000000c4300000, 0x00000000eab00000)
  object space 68608K, 58% used [0x00000000c0000000,0x00000000c26f5408,0x00000000c4300000)
 Metaspace       used 56026K, committed 57024K, reserved 1105920K
  class space    used 5937K, committed 6400K, reserved 1048576K
}
Event: 33.886 GC heap before
{Heap before GC invocations=31 (full 2):
 PSYoungGen      total 22016K, used 21631K [0x00000000eab00000, 0x00000000ec200000, 0x0000000100000000)
  eden space 20992K, 99% used [0x00000000eab00000,0x00000000ebf7ffe0,0x00000000ebf80000)
  from space 1024K, 62% used [0x00000000ec100000,0x00000000ec1a0000,0x00000000ec200000)
  to   space 1024K, 0% used [0x00000000ec000000,0x00000000ec000000,0x00000000ec100000)
 ParOldGen       total 68608K, used 39893K [0x00000000c0000000, 0x00000000c4300000, 0x00000000eab00000)
  object space 68608K, 58% used [0x00000000c0000000,0x00000000c26f5408,0x00000000c4300000)
 Metaspace       used 56065K, committed 57088K, reserved 1105920K
  class space    used 5937K, committed 6400K, reserved 1048576K
}
Event: 33.888 GC heap after
{Heap after GC invocations=31 (full 2):
 PSYoungGen      total 21504K, used 512K [0x00000000eab00000, 0x00000000ec180000, 0x0000000100000000)
  eden space 20992K, 0% used [0x00000000eab00000,0x00000000eab00000,0x00000000ebf80000)
  from space 512K, 100% used [0x00000000ec000000,0x00000000ec080000,0x00000000ec080000)
  to   space 1024K, 0% used [0x00000000ec080000,0x00000000ec080000,0x00000000ec180000)
 ParOldGen       total 68608K, used 40224K [0x00000000c0000000, 0x00000000c4300000, 0x00000000eab00000)
  object space 68608K, 58% used [0x00000000c0000000,0x00000000c2748118,0x00000000c4300000)
 Metaspace       used 56065K, committed 57088K, reserved 1105920K
  class space    used 5937K, committed 6400K, reserved 1048576K
}
Event: 33.980 GC heap before
{Heap before GC invocations=32 (full 2):
 PSYoungGen      total 21504K, used 21504K [0x00000000eab00000, 0x00000000ec180000, 0x0000000100000000)
  eden space 20992K, 100% used [0x00000000eab00000,0x00000000ebf80000,0x00000000ebf80000)
  from space 512K, 100% used [0x00000000ec000000,0x00000000ec080000,0x00000000ec080000)
  to   space 1024K, 0% used [0x00000000ec080000,0x00000000ec080000,0x00000000ec180000)
 ParOldGen       total 68608K, used 40224K [0x00000000c0000000, 0x00000000c4300000, 0x00000000eab00000)
  object space 68608K, 58% used [0x00000000c0000000,0x00000000c2748118,0x00000000c4300000)
 Metaspace       used 56082K, committed 57088K, reserved 1105920K
  class space    used 5937K, committed 6400K, reserved 1048576K
}
Event: 33.982 GC heap after
{Heap after GC invocations=32 (full 2):
 PSYoungGen      total 20992K, used 1024K [0x00000000eab00000, 0x00000000ec380000, 0x0000000100000000)
  eden space 19968K, 0% used [0x00000000eab00000,0x00000000eab00000,0x00000000ebe80000)
  from space 1024K, 100% used [0x00000000ec080000,0x00000000ec180000,0x00000000ec180000)
  to   space 2048K, 0% used [0x00000000ebe80000,0x00000000ebe80000,0x00000000ec080000)
 ParOldGen       total 68608K, used 40608K [0x00000000c0000000, 0x00000000c4300000, 0x00000000eab00000)
  object space 68608K, 59% used [0x00000000c0000000,0x00000000c27a8118,0x00000000c4300000)
 Metaspace       used 56082K, committed 57088K, reserved 1105920K
  class space    used 5937K, committed 6400K, reserved 1048576K
}

