# JRE version: OpenJDK Runtime Environment Temurin-17.0.4.1+1 (17.0.4.1+1) (build 17.0.4.1+1)
# Java VM: OpenJDK 64-Bit Server VM Temurin-17.0.4.1+1 (17.0.4.1+1, mixed mode, emulated-client, tiered, compressed oops, compressed class ptrs, g1 gc, windows-amd64)
GC Precious Log:
 CPUs: 8 total, 8 available
 Memory: 7814M
 Large Page Support: Disabled
 NUMA Support: Disabled
 Compressed Oops: Enabled (32-bit)
 Heap Region Size: 1M
 Heap Min Capacity: 8M
 Heap Initial Capacity: 124M
 Heap Max Capacity: 1954M
 Pre-touch: Disabled
 Parallel Workers: 8
 Concurrent Workers: 2
 Concurrent Refinement Workers: 8
 Periodic GC: Disabled
Heap:
 garbage-first heap   total 208896K, used 75657K [0x0000000085e00000, 0x0000000100000000)
  region size 1024K, 6 young (6144K), 6 survivors (6144K)
 Metaspace       used 37394K, committed 37696K, reserved 1089536K
  class space    used 4834K, committed 4992K, reserved 1048576K
GC Heap History (20 events):
Event: 5.726 GC heap after
{Heap after GC invocations=10 (full 0):
 garbage-first heap   total 61440K, used 29804K [0x0000000085e00000, 0x0000000100000000)
  region size 1024K, 3 young (3072K), 3 survivors (3072K)
 Metaspace       used 33869K, committed 34176K, reserved 1081344K
  class space    used 4320K, committed 4480K, reserved 1048576K
}
Event: 5.796 GC heap before
{Heap before GC invocations=10 (full 0):
 garbage-first heap   total 61440K, used 46188K [0x0000000085e00000, 0x0000000100000000)
  region size 1024K, 19 young (19456K), 3 survivors (3072K)
 Metaspace       used 34137K, committed 34496K, reserved 1081344K
  class space    used 4352K, committed 4544K, reserved 1048576K
}
Event: 5.802 GC heap after
{Heap after GC invocations=11 (full 0):
 garbage-first heap   total 98304K, used 32543K [0x0000000085e00000, 0x0000000100000000)
  region size 1024K, 3 young (3072K), 3 survivors (3072K)
 Metaspace       used 34137K, committed 34496K, reserved 1081344K
  class space    used 4352K, committed 4544K, reserved 1048576K
}
Event: 5.956 GC heap before
{Heap before GC invocations=11 (full 0):
 garbage-first heap   total 98304K, used 68383K [0x0000000085e00000, 0x0000000100000000)
  region size 1024K, 39 young (39936K), 3 survivors (3072K)
 Metaspace       used 34569K, committed 34944K, reserved 1081344K
  class space    used 4417K, committed 4608K, reserved 1048576K
}
Event: 5.970 GC heap after
{Heap after GC invocations=12 (full 0):
 garbage-first heap   total 98304K, used 41964K [0x0000000085e00000, 0x0000000100000000)
  region size 1024K, 5 young (5120K), 5 survivors (5120K)
 Metaspace       used 34569K, committed 34944K, reserved 1081344K
  class space    used 4417K, committed 4608K, reserved 1048576K
}
Event: 6.225 GC heap before
{Heap before GC invocations=12 (full 0):
 garbage-first heap   total 98304K, used 69612K [0x0000000085e00000, 0x0000000100000000)
  region size 1024K, 32 young (32768K), 5 survivors (5120K)
 Metaspace       used 35605K, committed 35904K, reserved 1081344K
  class space    used 4601K, committed 4736K, reserved 1048576K
}
Event: 6.236 GC heap after
{Heap after GC invocations=13 (full 0):
 garbage-first heap   total 98304K, used 47255K [0x0000000085e00000, 0x0000000100000000)
  region size 1024K, 4 young (4096K), 4 survivors (4096K)
 Metaspace       used 35605K, committed 35904K, reserved 1081344K
  class space    used 4601K, committed 4736K, reserved 1048576K
}
Event: 6.310 GC heap before
{Heap before GC invocations=13 (full 0):
 garbage-first heap   total 98304K, used 50327K [0x0000000085e00000, 0x0000000100000000)
  region size 1024K, 8 young (8192K), 4 survivors (4096K)
 Metaspace       used 35885K, committed 36160K, reserved 1081344K
  class space    used 4660K, committed 4800K, reserved 1048576K
}
Event: 6.316 GC heap after
{Heap after GC invocations=14 (full 0):
 garbage-first heap   total 98304K, used 48535K [0x0000000085e00000, 0x0000000100000000)
  region size 1024K, 1 young (1024K), 1 survivors (1024K)
 Metaspace       used 35885K, committed 36160K, reserved 1081344K
  class space    used 4660K, committed 4800K, reserved 1048576K
}
Event: 6.530 GC heap before
{Heap before GC invocations=15 (full 0):
 garbage-first heap   total 98304K, used 74135K [0x0000000085e00000, 0x0000000100000000)
  region size 1024K, 26 young (26624K), 1 survivors (1024K)
 Metaspace       used 36757K, committed 37056K, reserved 1081344K
  class space    used 4773K, committed 4928K, reserved 1048576K
}
Event: 6.541 GC heap after
{Heap after GC invocations=16 (full 0):
 garbage-first heap   total 98304K, used 58749K [0x0000000085e00000, 0x0000000100000000)
  region size 1024K, 4 young (4096K), 4 survivors (4096K)
 Metaspace       used 36757K, committed 37056K, reserved 1081344K
  class space    used 4773K, committed 4928K, reserved 1048576K
}
Event: 6.547 GC heap before
{Heap before GC invocations=16 (full 0):
 garbage-first heap   total 98304K, used 59773K [0x0000000085e00000, 0x0000000100000000)
  region size 1024K, 5 young (5120K), 4 survivors (4096K)
 Metaspace       used 36812K, committed 37120K, reserved 1081344K
  class space    used 4773K, committed 4928K, reserved 1048576K
}
Event: 6.558 GC heap after
{Heap after GC invocations=17 (full 0):
 garbage-first heap   total 190464K, used 59577K [0x0000000085e00000, 0x0000000100000000)
  region size 1024K, 1 young (1024K), 1 survivors (1024K)
 Metaspace       used 36812K, committed 37120K, reserved 1081344K
  class space    used 4773K, committed 4928K, reserved 1048576K
}
Event: 6.648 GC heap before
{Heap before GC invocations=17 (full 0):
 garbage-first heap   total 190464K, used 139449K [0x0000000085e00000, 0x0000000100000000)
  region size 1024K, 79 young (80896K), 1 survivors (1024K)
 Metaspace       used 37093K, committed 37440K, reserved 1089536K
  class space    used 4805K, committed 4992K, reserved 1048576K
}
Event: 6.662 GC heap after
{Heap after GC invocations=18 (full 0):
 garbage-first heap   total 190464K, used 67870K [0x0000000085e00000, 0x0000000100000000)
  region size 1024K, 9 young (9216K), 9 survivors (9216K)
 Metaspace       used 37093K, committed 37440K, reserved 1089536K
  class space    used 4805K, committed 4992K, reserved 1048576K
}
Event: 6.688 GC heap before
{Heap before GC invocations=18 (full 0):
 garbage-first heap   total 190464K, used 140574K [0x0000000085e00000, 0x0000000100000000)
  region size 1024K, 81 young (82944K), 9 survivors (9216K)
 Metaspace       used 37135K, committed 37440K, reserved 1089536K
  class space    used 4810K, committed 4992K, reserved 1048576K
}
Event: 6.700 GC heap after
{Heap after GC invocations=19 (full 0):
 garbage-first heap   total 190464K, used 71227K [0x0000000085e00000, 0x0000000100000000)
  region size 1024K, 4 young (4096K), 4 survivors (4096K)
 Metaspace       used 37135K, committed 37440K, reserved 1089536K
  class space    used 4810K, committed 4992K, reserved 1048576K
}
Event: 6.727 GC heap before
{Heap before GC invocations=19 (full 0):
 garbage-first heap   total 190464K, used 143931K [0x0000000085e00000, 0x0000000100000000)
  region size 1024K, 76 young (77824K), 4 survivors (4096K)
 Metaspace       used 37256K, committed 37568K, reserved 1089536K
  class space    used 4817K, committed 4992K, reserved 1048576K
}
Event: 6.731 GC heap after
{Heap after GC invocations=20 (full 0):
 garbage-first heap   total 190464K, used 73750K [0x0000000085e00000, 0x0000000100000000)
  region size 1024K, 6 young (6144K), 6 survivors (6144K)
 Metaspace       used 37256K, committed 37568K, reserved 1089536K
  class space    used 4817K, committed 4992K, reserved 1048576K
}
Event: 6.768 GC heap before
{Heap before GC invocations=20 (full 0):
 garbage-first heap   total 208896K, used 146454K [0x0000000085e00000, 0x0000000100000000)
  region size 1024K, 79 young (80896K), 6 survivors (6144K)
 Metaspace       used 37394K, committed 37696K, reserved 1089536K
  class space    used 4834K, committed 4992K, reserved 1048576K
}

