# JRE version: OpenJDK Runtime Environment Temurin-17.0.4.1+1 (17.0.4.1+1) (build 17.0.4.1+1)
# Java VM: OpenJDK 64-Bit Server VM Temurin-17.0.4.1+1 (17.0.4.1+1, mixed mode, emulated-client, tiered, compressed oops, compressed class ptrs, g1 gc, windows-amd64)
GC Precious Log:
 CPUs: 8 total, 8 available
 Memory: 7814M
 Large Page Support: Disabled
 NUMA Support: Disabled
 Compressed Oops: Enabled (32-bit)
 Heap Region Size: 1M
 Heap Min Capacity: 8M
 Heap Initial Capacity: 124M
 Heap Max Capacity: 1954M
 Pre-touch: Disabled
 Parallel Workers: 8
 Concurrent Workers: 2
 Concurrent Refinement Workers: 8
 Periodic GC: Disabled
Heap:
 garbage-first heap   total 285696K, used 84701K [0x0000000085e00000, 0x0000000100000000)
  region size 1024K, 11 young (11264K), 11 survivors (11264K)
 Metaspace       used 38099K, committed 38400K, reserved 1089536K
  class space    used 4891K, committed 5056K, reserved 1048576K
GC Heap History (20 events):
Event: 4.650 GC heap after
{Heap after GC invocations=10 (full 0):
 garbage-first heap   total 61440K, used 29831K [0x0000000085e00000, 0x0000000100000000)
  region size 1024K, 3 young (3072K), 3 survivors (3072K)
 Metaspace       used 33886K, committed 34176K, reserved 1081344K
  class space    used 4321K, committed 4480K, reserved 1048576K
}
Event: 4.723 GC heap before
{Heap before GC invocations=10 (full 0):
 garbage-first heap   total 61440K, used 46215K [0x0000000085e00000, 0x0000000100000000)
  region size 1024K, 19 young (19456K), 3 survivors (3072K)
 Metaspace       used 34153K, committed 34496K, reserved 1081344K
  class space    used 4355K, committed 4544K, reserved 1048576K
}
Event: 4.729 GC heap after
{Heap after GC invocations=11 (full 0):
 garbage-first heap   total 101376K, used 32492K [0x0000000085e00000, 0x0000000100000000)
  region size 1024K, 3 young (3072K), 3 survivors (3072K)
 Metaspace       used 34153K, committed 34496K, reserved 1081344K
  class space    used 4355K, committed 4544K, reserved 1048576K
}
Event: 4.903 GC heap before
{Heap before GC invocations=11 (full 0):
 garbage-first heap   total 101376K, used 73452K [0x0000000085e00000, 0x0000000100000000)
  region size 1024K, 43 young (44032K), 3 survivors (3072K)
 Metaspace       used 34673K, committed 35072K, reserved 1081344K
  class space    used 4433K, committed 4608K, reserved 1048576K
}
Event: 4.916 GC heap after
{Heap after GC invocations=12 (full 0):
 garbage-first heap   total 101376K, used 42529K [0x0000000085e00000, 0x0000000100000000)
  region size 1024K, 6 young (6144K), 6 survivors (6144K)
 Metaspace       used 34673K, committed 35072K, reserved 1081344K
  class space    used 4433K, committed 4608K, reserved 1048576K
}
Event: 5.172 GC heap before
{Heap before GC invocations=12 (full 0):
 garbage-first heap   total 101376K, used 66081K [0x0000000085e00000, 0x0000000100000000)
  region size 1024K, 31 young (31744K), 6 survivors (6144K)
 Metaspace       used 35885K, committed 36160K, reserved 1081344K
  class space    used 4660K, committed 4800K, reserved 1048576K
}
Event: 5.183 GC heap after
{Heap after GC invocations=13 (full 0):
 garbage-first heap   total 101376K, used 47810K [0x0000000085e00000, 0x0000000100000000)
  region size 1024K, 5 young (5120K), 5 survivors (5120K)
 Metaspace       used 35885K, committed 36160K, reserved 1081344K
  class space    used 4660K, committed 4800K, reserved 1048576K
}
Event: 5.403 GC heap before
{Heap before GC invocations=14 (full 0):
 garbage-first heap   total 101376K, used 74434K [0x0000000085e00000, 0x0000000100000000)
  region size 1024K, 31 young (31744K), 5 survivors (5120K)
 Metaspace       used 36970K, committed 37248K, reserved 1081344K
  class space    used 4786K, committed 4928K, reserved 1048576K
}
Event: 5.420 GC heap after
{Heap after GC invocations=15 (full 0):
 garbage-first heap   total 101376K, used 58009K [0x0000000085e00000, 0x0000000100000000)
  region size 1024K, 4 young (4096K), 4 survivors (4096K)
 Metaspace       used 36970K, committed 37248K, reserved 1081344K
  class space    used 4786K, committed 4928K, reserved 1048576K
}
Event: 5.423 GC heap before
{Heap before GC invocations=15 (full 0):
 garbage-first heap   total 101376K, used 59033K [0x0000000085e00000, 0x0000000100000000)
  region size 1024K, 5 young (5120K), 4 survivors (4096K)
 Metaspace       used 36970K, committed 37248K, reserved 1081344K
  class space    used 4786K, committed 4928K, reserved 1048576K
}
Event: 5.432 GC heap after
{Heap after GC invocations=16 (full 0):
 garbage-first heap   total 101376K, used 59394K [0x0000000085e00000, 0x0000000100000000)
  region size 1024K, 1 young (1024K), 1 survivors (1024K)
 Metaspace       used 36970K, committed 37248K, reserved 1081344K
  class space    used 4786K, committed 4928K, reserved 1048576K
}
Event: 5.439 GC heap before
{Heap before GC invocations=16 (full 0):
 garbage-first heap   total 101376K, used 59394K [0x0000000085e00000, 0x0000000100000000)
  region size 1024K, 3 young (3072K), 1 survivors (1024K)
 Metaspace       used 36971K, committed 37248K, reserved 1081344K
  class space    used 4786K, committed 4928K, reserved 1048576K
}
Event: 5.448 GC heap after
{Heap after GC invocations=17 (full 0):
 garbage-first heap   total 285696K, used 60141K [0x0000000085e00000, 0x0000000100000000)
  region size 1024K, 2 young (2048K), 2 survivors (2048K)
 Metaspace       used 36971K, committed 37248K, reserved 1081344K
  class space    used 4786K, committed 4928K, reserved 1048576K
}
Event: 5.548 GC heap before
{Heap before GC invocations=17 (full 0):
 garbage-first heap   total 285696K, used 163565K [0x0000000085e00000, 0x0000000100000000)
  region size 1024K, 103 young (105472K), 2 survivors (2048K)
 Metaspace       used 37472K, committed 37760K, reserved 1089536K
  class space    used 4847K, committed 4992K, reserved 1048576K
}
Event: 5.569 GC heap after
{Heap after GC invocations=18 (full 0):
 garbage-first heap   total 285696K, used 69169K [0x0000000085e00000, 0x0000000100000000)
  region size 1024K, 10 young (10240K), 10 survivors (10240K)
 Metaspace       used 37472K, committed 37760K, reserved 1089536K
  class space    used 4847K, committed 4992K, reserved 1048576K
}
Event: 5.603 GC heap before
{Heap before GC invocations=18 (full 0):
 garbage-first heap   total 285696K, used 181809K [0x0000000085e00000, 0x0000000100000000)
  region size 1024K, 121 young (123904K), 10 survivors (10240K)
 Metaspace       used 37587K, committed 37888K, reserved 1089536K
  class space    used 4857K, committed 4992K, reserved 1048576K
}
Event: 5.635 GC heap after
{Heap after GC invocations=19 (full 0):
 garbage-first heap   total 285696K, used 74186K [0x0000000085e00000, 0x0000000100000000)
  region size 1024K, 13 young (13312K), 13 survivors (13312K)
 Metaspace       used 37587K, committed 37888K, reserved 1089536K
  class space    used 4857K, committed 4992K, reserved 1048576K
}
Event: 5.710 GC heap before
{Heap before GC invocations=19 (full 0):
 garbage-first heap   total 285696K, used 205258K [0x0000000085e00000, 0x0000000100000000)
  region size 1024K, 142 young (145408K), 13 survivors (13312K)
 Metaspace       used 37747K, committed 38080K, reserved 1089536K
  class space    used 4872K, committed 5056K, reserved 1048576K
}
Event: 5.737 GC heap after
{Heap after GC invocations=20 (full 0):
 garbage-first heap   total 285696K, used 78871K [0x0000000085e00000, 0x0000000100000000)
  region size 1024K, 10 young (10240K), 10 survivors (10240K)
 Metaspace       used 37747K, committed 38080K, reserved 1089536K
  class space    used 4872K, committed 5056K, reserved 1048576K
}
Event: 5.824 GC heap before
{Heap before GC invocations=20 (full 0):
 garbage-first heap   total 285696K, used 214039K [0x0000000085e00000, 0x0000000100000000)
  region size 1024K, 143 young (146432K), 10 survivors (10240K)
 Metaspace       used 38099K, committed 38400K, reserved 1089536K
  class space    used 4891K, committed 5056K, reserved 1048576K
}

