# JRE version: OpenJDK Runtime Environment Temurin-17.0.4.1+1 (17.0.4.1+1) (build 17.0.4.1+1)
# Java VM: OpenJDK 64-Bit Server VM Temurin-17.0.4.1+1 (17.0.4.1+1, mixed mode, emulated-client, tiered, compressed oops, compressed class ptrs, g1 gc, windows-amd64)
GC Precious Log:
 CPUs: 8 total, 8 available
 Memory: 7814M
 Large Page Support: Disabled
 NUMA Support: Disabled
 Compressed Oops: Enabled (32-bit)
 Heap Region Size: 1M
 Heap Min Capacity: 8M
 Heap Initial Capacity: 124M
 Heap Max Capacity: 1954M
 Pre-touch: Disabled
 Parallel Workers: 8
 Concurrent Workers: 2
 Concurrent Refinement Workers: 8
 Periodic GC: Disabled
Heap:
 garbage-first heap   total 161792K, used 72907K [0x0000000085e00000, 0x0000000100000000)
  region size 1024K, 4 young (4096K), 4 survivors (4096K)
 Metaspace       used 37245K, committed 37568K, reserved 1089536K
  class space    used 4819K, committed 4992K, reserved 1048576K
GC Heap History (20 events):
Event: 4.804 GC heap after
{Heap after GC invocations=10 (full 0):
 garbage-first heap   total 58368K, used 27764K [0x0000000085e00000, 0x0000000100000000)
  region size 1024K, 3 young (3072K), 3 survivors (3072K)
 Metaspace       used 33713K, committed 34048K, reserved 1081344K
  class space    used 4295K, committed 4480K, reserved 1048576K
}
Event: 4.883 GC heap before
{Heap before GC invocations=10 (full 0):
 garbage-first heap   total 58368K, used 42100K [0x0000000085e00000, 0x0000000100000000)
  region size 1024K, 17 young (17408K), 3 survivors (3072K)
 Metaspace       used 33941K, committed 34240K, reserved 1081344K
  class space    used 4330K, committed 4480K, reserved 1048576K
}
Event: 4.890 GC heap after
{Heap after GC invocations=11 (full 0):
 garbage-first heap   total 84992K, used 30439K [0x0000000085e00000, 0x0000000100000000)
  region size 1024K, 3 young (3072K), 3 survivors (3072K)
 Metaspace       used 33941K, committed 34240K, reserved 1081344K
  class space    used 4330K, committed 4480K, reserved 1048576K
}
Event: 5.039 GC heap before
{Heap before GC invocations=11 (full 0):
 garbage-first heap   total 84992K, used 59111K [0x0000000085e00000, 0x0000000100000000)
  region size 1024K, 31 young (31744K), 3 survivors (3072K)
 Metaspace       used 34444K, committed 34816K, reserved 1081344K
  class space    used 4399K, committed 4608K, reserved 1048576K
}
Event: 5.047 GC heap after
{Heap after GC invocations=12 (full 0):
 garbage-first heap   total 84992K, used 35222K [0x0000000085e00000, 0x0000000100000000)
  region size 1024K, 4 young (4096K), 4 survivors (4096K)
 Metaspace       used 34444K, committed 34816K, reserved 1081344K
  class space    used 4399K, committed 4608K, reserved 1048576K
}
Event: 5.147 GC heap before
{Heap before GC invocations=12 (full 0):
 garbage-first heap   total 84992K, used 59798K [0x0000000085e00000, 0x0000000100000000)
  region size 1024K, 28 young (28672K), 4 survivors (4096K)
 Metaspace       used 34662K, committed 35008K, reserved 1081344K
  class space    used 4430K, committed 4608K, reserved 1048576K
}
Event: 5.158 GC heap after
{Heap after GC invocations=13 (full 0):
 garbage-first heap   total 84992K, used 42610K [0x0000000085e00000, 0x0000000100000000)
  region size 1024K, 4 young (4096K), 4 survivors (4096K)
 Metaspace       used 34662K, committed 35008K, reserved 1081344K
  class space    used 4430K, committed 4608K, reserved 1048576K
}
Event: 5.260 GC heap before
{Heap before GC invocations=13 (full 0):
 garbage-first heap   total 84992K, used 62066K [0x0000000085e00000, 0x0000000100000000)
  region size 1024K, 23 young (23552K), 4 survivors (4096K)
 Metaspace       used 35055K, committed 35456K, reserved 1081344K
  class space    used 4492K, committed 4672K, reserved 1048576K
}
Event: 5.270 GC heap after
{Heap after GC invocations=14 (full 0):
 garbage-first heap   total 84992K, used 47438K [0x0000000085e00000, 0x0000000100000000)
  region size 1024K, 3 young (3072K), 3 survivors (3072K)
 Metaspace       used 35055K, committed 35456K, reserved 1081344K
  class space    used 4492K, committed 4672K, reserved 1048576K
}
Event: 5.557 GC heap before
{Heap before GC invocations=15 (full 0):
 garbage-first heap   total 91136K, used 62798K [0x0000000085e00000, 0x0000000100000000)
  region size 1024K, 19 young (19456K), 3 survivors (3072K)
 Metaspace       used 36294K, committed 36672K, reserved 1081344K
  class space    used 4743K, committed 4928K, reserved 1048576K
}
Event: 5.564 GC heap after
{Heap after GC invocations=16 (full 0):
 garbage-first heap   total 91136K, used 50634K [0x0000000085e00000, 0x0000000100000000)
  region size 1024K, 3 young (3072K), 3 survivors (3072K)
 Metaspace       used 36294K, committed 36672K, reserved 1081344K
  class space    used 4743K, committed 4928K, reserved 1048576K
}
Event: 5.575 GC heap before
{Heap before GC invocations=16 (full 0):
 garbage-first heap   total 91136K, used 52682K [0x0000000085e00000, 0x0000000100000000)
  region size 1024K, 4 young (4096K), 3 survivors (3072K)
 Metaspace       used 36410K, committed 36736K, reserved 1081344K
  class space    used 4749K, committed 4928K, reserved 1048576K
}
Event: 5.581 GC heap after
{Heap after GC invocations=17 (full 0):
 garbage-first heap   total 161792K, used 52172K [0x0000000085e00000, 0x0000000100000000)
  region size 1024K, 1 young (1024K), 1 survivors (1024K)
 Metaspace       used 36410K, committed 36736K, reserved 1081344K
  class space    used 4749K, committed 4928K, reserved 1048576K
}
Event: 5.774 GC heap before
{Heap before GC invocations=17 (full 0):
 garbage-first heap   total 161792K, used 111564K [0x0000000085e00000, 0x0000000100000000)
  region size 1024K, 59 young (60416K), 1 survivors (1024K)
 Metaspace       used 37094K, committed 37440K, reserved 1089536K
  class space    used 4799K, committed 4992K, reserved 1048576K
}
Event: 5.815 GC heap after
{Heap after GC invocations=18 (full 0):
 garbage-first heap   total 161792K, used 66560K [0x0000000085e00000, 0x0000000100000000)
  region size 1024K, 8 young (8192K), 8 survivors (8192K)
 Metaspace       used 37094K, committed 37440K, reserved 1089536K
  class space    used 4799K, committed 4992K, reserved 1048576K
}
Event: 5.837 GC heap before
{Heap before GC invocations=18 (full 0):
 garbage-first heap   total 161792K, used 108544K [0x0000000085e00000, 0x0000000100000000)
  region size 1024K, 50 young (51200K), 8 survivors (8192K)
 Metaspace       used 37116K, committed 37440K, reserved 1089536K
  class space    used 4802K, committed 4992K, reserved 1048576K
}
Event: 5.845 GC heap after
{Heap after GC invocations=19 (full 0):
 garbage-first heap   total 161792K, used 69439K [0x0000000085e00000, 0x0000000100000000)
  region size 1024K, 3 young (3072K), 3 survivors (3072K)
 Metaspace       used 37116K, committed 37440K, reserved 1089536K
  class space    used 4802K, committed 4992K, reserved 1048576K
}
Event: 5.869 GC heap before
{Heap before GC invocations=19 (full 0):
 garbage-first heap   total 161792K, used 112447K [0x0000000085e00000, 0x0000000100000000)
  region size 1024K, 46 young (47104K), 3 survivors (3072K)
 Metaspace       used 37142K, committed 37504K, reserved 1089536K
  class space    used 4807K, committed 4992K, reserved 1048576K
}
Event: 5.874 GC heap after
{Heap after GC invocations=20 (full 0):
 garbage-first heap   total 161792K, used 70942K [0x0000000085e00000, 0x0000000100000000)
  region size 1024K, 4 young (4096K), 4 survivors (4096K)
 Metaspace       used 37142K, committed 37504K, reserved 1089536K
  class space    used 4807K, committed 4992K, reserved 1048576K
}
Event: 5.902 GC heap before
{Heap before GC invocations=20 (full 0):
 garbage-first heap   total 161792K, used 119070K [0x0000000085e00000, 0x0000000100000000)
  region size 1024K, 52 young (53248K), 4 survivors (4096K)
 Metaspace       used 37245K, committed 37568K, reserved 1089536K
  class space    used 4819K, committed 4992K, reserved 1048576K
}

